SIMAN Run Controller.

20.333333 Hours>
                                      ARENA Simulation Results
                                    Arsenii - License: 7328734345

                                  Summary for Replication 1 of 1

Project: Unnamed Project                                             Run execution date :11/14/2021
Analyst: Rockwell Automation                                         Model revision date:11/14/2021

Replication ended at time      : 20.333333 Hours 
Base Time Units: Hours

                                           TALLY VARIABLES

Identifier                                  Average   Half Width  Minimum    Maximum   Observations
___________________________________________________________________________________________________

Air object.VATime                           .22635     (Insuf)    .00000     1.2173         66    
Air object.NVATime                          .00000     (Insuf)    .00000     .00000         66    
Air object.WaitTime                         .03642     (Insuf)    .00000     .80099         66    
Air object.TranTime                         .00000     (Insuf)    .00000     .00000         66    
Air object.OtherTime                        .00000     (Insuf)    .00000     .00000         66    
Air object.TotalTime                        .26278     (Insuf)    .00000     1.2173         66    
Misile.VATime                                   --         --         --         --          0
Misile.NVATime                                  --         --         --         --          0
Misile.WaitTime                                 --         --         --         --          0
Misile.TranTime                                 --         --         --         --          0
Misile.OtherTime                                --         --         --         --          0
Misile.TotalTime                                --         --         --         --          0
Reload request.VATime                           --         --         --         --          0
Reload request.NVATime                          --         --         --         --          0
Reload request.WaitTime                         --         --         --         --          0
Reload request.TranTime                         --         --         --         --          0
Reload request.OtherTime                        --         --         --         --          0
Reload request.TotalTime                        --         --         --         --          0
Combine ammo pack 2.Queue.WaitingTime       .00000     (Insuf)    .00000     .00000         30    
Destroy automatically.Queue.WaitingTime     .01379     (Insuf)    .00000     .33333         34    
Combine ammo pack.Queue.WaitingTime         .00000     (Insuf)    .00000     .00000         40    
Destroy manually.Queue.WaitingTime          .06051     (Insuf)    .00000     .80099         43    

                                     DISCRETE-CHANGE VARIABLES

Identifier                                  Average   Half Width  Minimum    Maximum   Final Value
___________________________________________________________________________________________________

Air object.WIP                              4.4149     (Insuf)    .00000     22.000     13.000    
Misile.WIP                                  .34426     (Insuf)    .00000     2.0000     .00000    
Reload request.WIP                          .00000     (Insuf)    .00000     .00000     .00000    
Automatic missile.NumberBusy                6.0105     (Insuf)    .00000     10.000     4.0000    
Automatic missile.NumberScheduled           10.000     (Insuf)    10.000     10.000     10.000    
Automatic missile.Utilization               .60106     (Insuf)    .00000     1.0000     .40000    
Missiles.NumberBusy                         6.8023     (Insuf)    .00000     10.000     3.0000    
Missiles.NumberScheduled                    10.000     (Insuf)    10.000     10.000     10.000    
Missiles.Utilization                        .68024     (Insuf)    .00000     1.0000     .30000    
Combine ammo pack 2.Queue.NumberInQueue     .00000     (Insuf)    .00000     10.000     .00000    
Destroy automatically.Queue.NumberInQueue   .02305     (Insuf)    .00000     1.0000     .00000    
Combine ammo pack.Queue.NumberInQueue       .00000     (Insuf)    .00000     10.000     .00000    
Destroy manually.Queue.NumberInQueue        .12797     (Insuf)    .00000     2.0000     .00000    

                                             OUTPUTS

Identifier                                   Value
_____________________________________________________________

Air object.NumberIn                         139.00    
Air object.NumberOut                        126.00    
Misile.NumberIn                             7.0000    
Misile.NumberOut                            7.0000    
Reload request.NumberIn                     .00000    
Reload request.NumberOut                    .00000    
Automatic missile.NumberSeized              34.000    
Automatic missile.ScheduledUtilization      .60106    
Missiles.NumberSeized                       43.000    
Missiles.ScheduledUtilization               .68024    
System.NumberOut                            66.000    


Simulation run time: 1.43 minutes.
Simulation run complete.
